<?xml version="1.0" encoding="UTF-8"?>
<!-- Generated by org.testng.reporters.JUnitReportReporter -->
<testsuite hostname="LAPTOP-PF1SH7SD" failures="0" tests="1" name="com.crm.sample.SampleReadTest" time="0.007" errors="0" timestamp="2021-12-13T15:04:13 IST" skipped="0">
  <testcase classname="com.crm.sample.SampleReadTest" name="sampleReadTest" time="0.007"/>
  <system-out/>
</testsuite> <!-- com.crm.sample.SampleReadTest -->
