<?xml version="1.0" encoding="UTF-8"?>
<!-- Generated by org.testng.reporters.JUnitReportReporter -->
<testsuite hostname="LAPTOP-PF1SH7SD" failures="0" tests="1" name="com.crm.sample.SampleDemoRegTest" time="0.008" errors="0" timestamp="2021-12-15T11:49:52 IST" skipped="0">
  <testcase classname="com.crm.sample.SampleDemoRegTest" name="sampleDemoRegTest" time="0.008"/>
  <system-out/>
</testsuite> <!-- com.crm.sample.SampleDemoRegTest -->
