<?xml version="1.0" encoding="UTF-8"?>
<!-- Generated by org.testng.reporters.JUnitReportReporter -->
<testsuite hostname="LAPTOP-PF1SH7SD" failures="0" tests="1" name="com.crm.sample.SampleDemoTest" time="0.009" errors="0" timestamp="2021-12-15T11:48:50 IST" skipped="0">
  <testcase classname="com.crm.sample.SampleDemoTest" name="sampleDemoTest" time="0.009"/>
  <system-out/>
</testsuite> <!-- com.crm.sample.SampleDemoTest -->
