<?xml version="1.0" encoding="UTF-8"?>
<!-- Generated by org.testng.reporters.JUnitReportReporter -->
<testsuite hostname="LAPTOP-0GP3IJG5" failures="0" tests="1" name="com.crm.sample.DemoTest" time="0.007" errors="0" timestamp="2021-12-15T15:02:55 IST" skipped="0">
  <testcase classname="com.crm.sample.DemoTest" name="demo" time="0.007"/>
  <system-out/>
</testsuite> <!-- com.crm.sample.DemoTest -->
